<?xml version="1.0" encoding="UTF-8"?>
<!-- Generated by org.testng.reporters.JUnitXMLReporter -->
<testsuite hostname="BDC8-DX-43RRX52" ignored="0" name="Test" tests="1" failures="1" timestamp="18 Jul 2018 05:07:13 GMT" time="12.123" errors="0">
  <testcase name="testlogin" time="12.092" classname="com.webdriver.Testing">
    <failure type="java.lang.AssertionError" message="expected [Sign in to GitHub Â· GitHub] but found [GitHub]">
      <![CDATA[java.lang.AssertionError: expected [Sign in to GitHub Â· GitHub] but found [GitHub]
at com.webdriver.Testing.testlogin(Testing.java:24)
... Removed 31 stack frames]]>
    </failure>
  </testcase> <!-- testlogin -->
</testsuite> <!-- Test -->
