<?xml version="1.0" encoding="UTF-8"?>
<testng-results skipped="0" failed="0" ignored="0" total="1" passed="1">
  <reporter-output>
  </reporter-output>
  <suite name="Default suite" duration-ms="9365" started-at="2018-07-17T06:53:49Z" finished-at="2018-07-17T06:53:58Z">
    <groups>
    </groups>
    <test name="Default test" duration-ms="9365" started-at="2018-07-17T06:53:49Z" finished-at="2018-07-17T06:53:58Z">
      <class name="Testing">
        <test-method status="PASS" signature="testlogin()[pri:0, instance:Testing@46d56d67]" name="testlogin" duration-ms="9325" started-at="2018-07-17T06:53:49Z" finished-at="2018-07-17T06:53:58Z">
          <reporter-output>
          </reporter-output>
        </test-method> <!-- testlogin -->
      </class> <!-- Testing -->
    </test> <!-- Default test -->
  </suite> <!-- Default suite -->
</testng-results>
